<?xml version="1.0" encoding="UTF-8"?>
<!-- Generated by org.testng.reporters.JUnitReportReporter -->
<testsuite skipped="0" hostname="Asmits-MacBook-Pro.local" name="com.class11.Demo" tests="1" failures="0" timestamp="28 May 2019 21:14:18 GMT" time="0.028" errors="0">
  <testcase name="helloWorld" time="0.028" classname="com.class11.Demo"/>
</testsuite> <!-- com.class11.Demo -->
